<?xml version="1.0" encoding="UTF-8" ?>
<testsuite tests="18" failures="1" name="eler.each.usp.RecipeTest" time="0.065" errors="3" skipped="0">
  <properties>
    <property name="java.runtime.name" value="Java(TM) SE Runtime Environment"/>
    <property name="sun.boot.library.path" value="/home/orlando/software_development/java/environments/jdk8/jdk1.8.0_171/jre/lib/amd64"/>
    <property name="java.vm.version" value="25.171-b11"/>
    <property name="user.country.format" value="BR"/>
    <property name="java.vm.vendor" value="Oracle Corporation"/>
    <property name="java.vendor.url" value="http://java.oracle.com/"/>
    <property name="path.separator" value=":"/>
    <property name="guice.disable.misplaced.annotation.check" value="true"/>
    <property name="java.vm.name" value="Java HotSpot(TM) 64-Bit Server VM"/>
    <property name="file.encoding.pkg" value="sun.io"/>
    <property name="user.country" value="US"/>
    <property name="sun.java.launcher" value="SUN_STANDARD"/>
    <property name="sun.os.patch.level" value="unknown"/>
    <property name="java.vm.specification.name" value="Java Virtual Machine Specification"/>
    <property name="user.dir" value="/home/orlando/Desktop/EACH_PPGSI_SIN5022/coffeeMakerTest"/>
    <property name="java.runtime.version" value="1.8.0_171-b11"/>
    <property name="java.awt.graphicsenv" value="sun.awt.X11GraphicsEnvironment"/>
    <property name="java.endorsed.dirs" value="/home/orlando/software_development/java/environments/jdk8/jdk1.8.0_171/jre/lib/endorsed"/>
    <property name="os.arch" value="amd64"/>
    <property name="java.io.tmpdir" value="/tmp"/>
    <property name="line.separator" value="
"/>
    <property name="java.vm.specification.vendor" value="Oracle Corporation"/>
    <property name="os.name" value="Linux"/>
    <property name="maven.ext.class.path" value="/home/orlando/software_development/java/ides/netbeans/netbeans-8.2/java/maven-nblib/netbeans-eventspy.jar"/>
    <property name="classworlds.conf" value="/home/orlando/software_development/java/ides/netbeans/netbeans-8.2/java/maven/bin/m2.conf"/>
    <property name="sun.jnu.encoding" value="UTF-8"/>
    <property name="java.library.path" value="/home/orlando/software_development/java/environments/jdk8/jdk1.8.0_171/jre/lib/amd64:/home/orlando/software_development/java/environments/jdk8/jdk1.8.0_171/jre/lib/i386::/usr/java/packages/lib/amd64:/usr/lib64:/lib64:/lib:/usr/lib"/>
    <property name="java.specification.name" value="Java Platform API Specification"/>
    <property name="java.class.version" value="52.0"/>
    <property name="sun.management.compiler" value="HotSpot 64-Bit Tiered Compilers"/>
    <property name="os.version" value="4.15.0-96-generic"/>
    <property name="user.home" value="/home/orlando"/>
    <property name="user.timezone" value="America/Sao_Paulo"/>
    <property name="java.awt.printerjob" value="sun.print.PSPrinterJob"/>
    <property name="java.specification.version" value="1.8"/>
    <property name="file.encoding" value="UTF-8"/>
    <property name="user.name" value="orlando"/>
    <property name="java.class.path" value="/home/orlando/software_development/java/ides/netbeans/netbeans-8.2/java/maven/boot/plexus-classworlds-2.4.jar"/>
    <property name="java.vm.specification.version" value="1.8"/>
    <property name="sun.arch.data.model" value="64"/>
    <property name="java.home" value="/home/orlando/software_development/java/environments/jdk8/jdk1.8.0_171/jre"/>
    <property name="sun.java.command" value="org.codehaus.plexus.classworlds.launcher.Launcher -Dmaven.ext.class.path=/home/orlando/software_development/java/ides/netbeans/netbeans-8.2/java/maven-nblib/netbeans-eventspy.jar clean install"/>
    <property name="java.specification.vendor" value="Oracle Corporation"/>
    <property name="user.language" value="en"/>
    <property name="user.language.format" value="pt"/>
    <property name="awt.toolkit" value="sun.awt.X11.XToolkit"/>
    <property name="java.vm.info" value="mixed mode"/>
    <property name="java.version" value="1.8.0_171"/>
    <property name="java.ext.dirs" value="/home/orlando/software_development/java/environments/jdk8/jdk1.8.0_171/jre/lib/ext:/usr/java/packages/lib/ext"/>
    <property name="securerandom.source" value="file:/dev/./urandom"/>
    <property name="sun.boot.class.path" value="/home/orlando/software_development/java/environments/jdk8/jdk1.8.0_171/jre/lib/resources.jar:/home/orlando/software_development/java/environments/jdk8/jdk1.8.0_171/jre/lib/rt.jar:/home/orlando/software_development/java/environments/jdk8/jdk1.8.0_171/jre/lib/sunrsasign.jar:/home/orlando/software_development/java/environments/jdk8/jdk1.8.0_171/jre/lib/jsse.jar:/home/orlando/software_development/java/environments/jdk8/jdk1.8.0_171/jre/lib/jce.jar:/home/orlando/software_development/java/environments/jdk8/jdk1.8.0_171/jre/lib/charsets.jar:/home/orlando/software_development/java/environments/jdk8/jdk1.8.0_171/jre/lib/jfr.jar:/home/orlando/software_development/java/environments/jdk8/jdk1.8.0_171/jre/classes"/>
    <property name="java.vendor" value="Oracle Corporation"/>
    <property name="maven.home" value="/home/orlando/software_development/java/ides/netbeans/netbeans-8.2/java/maven"/>
    <property name="file.separator" value="/"/>
    <property name="java.vendor.url.bug" value="http://bugreport.sun.com/bugreport/"/>
    <property name="sun.cpu.endian" value="little"/>
    <property name="sun.io.unicode.encoding" value="UnicodeLittle"/>
    <property name="sun.desktop" value="gnome"/>
    <property name="sun.cpu.isalist" value=""/>
  </properties>
  <testcase classname="eler.each.usp.RecipeTest" name="testInvalidName" time="0"/>
  <testcase classname="eler.each.usp.RecipeTest" name="testValid" time="0"/>
  <testcase classname="eler.each.usp.RecipeTest" name="testInvalidNameWithOnlySpaces" time="0">
    <failure message="Expected each.usp.ach2006.adaptedfromcsc326.eler.exceptions.InvalidValueException to be thrown, but nothing was thrown." type="org.opentest4j.AssertionFailedError">org.opentest4j.AssertionFailedError: Expected each.usp.ach2006.adaptedfromcsc326.eler.exceptions.InvalidValueException to be thrown, but nothing was thrown.
	at org.junit.jupiter.api.AssertThrows.assertThrows(AssertThrows.java:71)
	at org.junit.jupiter.api.AssertThrows.assertThrows(AssertThrows.java:37)
	at org.junit.jupiter.api.Assertions.assertThrows(Assertions.java:2920)
	at eler.each.usp.RecipeTest.testInvalidNameWithOnlySpaces(RecipeTest.java:73)
	at sun.reflect.NativeMethodAccessorImpl.invoke0(Native Method)
	at sun.reflect.NativeMethodAccessorImpl.invoke(NativeMethodAccessorImpl.java:62)
	at sun.reflect.DelegatingMethodAccessorImpl.invoke(DelegatingMethodAccessorImpl.java:43)
	at java.lang.reflect.Method.invoke(Method.java:498)
	at junit.framework.TestCase.runTest(TestCase.java:168)
	at junit.framework.TestCase.runBare(TestCase.java:134)
	at junit.framework.TestResult$1.protect(TestResult.java:110)
	at junit.framework.TestResult.runProtected(TestResult.java:128)
	at junit.framework.TestResult.run(TestResult.java:113)
	at junit.framework.TestCase.run(TestCase.java:124)
	at junit.framework.TestSuite.runTest(TestSuite.java:232)
	at junit.framework.TestSuite.run(TestSuite.java:227)
	at org.junit.internal.runners.JUnit38ClassRunner.run(JUnit38ClassRunner.java:83)
	at org.apache.maven.surefire.junit4.JUnit4TestSet.execute(JUnit4TestSet.java:53)
	at org.apache.maven.surefire.junit4.JUnit4Provider.executeTestSet(JUnit4Provider.java:123)
	at org.apache.maven.surefire.junit4.JUnit4Provider.invoke(JUnit4Provider.java:104)
	at sun.reflect.NativeMethodAccessorImpl.invoke0(Native Method)
	at sun.reflect.NativeMethodAccessorImpl.invoke(NativeMethodAccessorImpl.java:62)
	at sun.reflect.DelegatingMethodAccessorImpl.invoke(DelegatingMethodAccessorImpl.java:43)
	at java.lang.reflect.Method.invoke(Method.java:498)
	at org.apache.maven.surefire.util.ReflectionUtils.invokeMethodWithArray(ReflectionUtils.java:164)
	at org.apache.maven.surefire.booter.ProviderFactory$ProviderProxy.invoke(ProviderFactory.java:110)
	at org.apache.maven.surefire.booter.SurefireStarter.invokeProvider(SurefireStarter.java:175)
	at org.apache.maven.surefire.booter.SurefireStarter.runSuitesInProcessWhenForked(SurefireStarter.java:107)
	at org.apache.maven.surefire.booter.ForkedBooter.main(ForkedBooter.java:68)
</failure>
  </testcase>
  <testcase classname="eler.each.usp.RecipeTest" name="testInvalidNegativePrice" time="0.004"/>
  <testcase classname="eler.each.usp.RecipeTest" name="testValidRecipeCofee" time="0.002"/>
  <testcase classname="eler.each.usp.RecipeTest" name="testNegativeAmountCoffee" time="0.004"/>
  <testcase classname="eler.each.usp.RecipeTest" name="testValidRecipeChocolate" time="0.002"/>
  <testcase classname="eler.each.usp.RecipeTest" name="testNegativeAmountChocolate" time="0.004"/>
  <testcase classname="eler.each.usp.RecipeTest" name="testValidRecipeSugar" time="0.002"/>
  <testcase classname="eler.each.usp.RecipeTest" name="testNegativeAmountSugar" time="0.004"/>
  <testcase classname="eler.each.usp.RecipeTest" name="testValidRecipeMilk" time="0.003"/>
  <testcase classname="eler.each.usp.RecipeTest" name="testNegativeAmountMilk" time="0.005"/>
  <testcase classname="eler.each.usp.RecipeTest" name="testAllRecipeValid" time="0.008"/>
  <testcase classname="eler.each.usp.RecipeTest" name="testAllRecipeOnlySugar" time="0.003"/>
  <testcase classname="eler.each.usp.RecipeTest" name="testAllRecipeOnlyChocolate" time="0.004">
    <error message="Units of sugar must be a positive integer" type="each.usp.ach2006.adaptedfromcsc326.eler.exceptions.InvalidValueException">each.usp.ach2006.adaptedfromcsc326.eler.exceptions.InvalidValueException: Units of sugar must be a positive integer
	at each.usp.ach2006.adaptedfromcsc326.eler.Recipe.setAmtSugar(Recipe.java:94)
	at each.usp.ach2006.adaptedfromcsc326.eler.Recipe.&lt;init&gt;(Recipe.java:27)
	at sun.reflect.GeneratedConstructorAccessor3.newInstance(Unknown Source)
	at sun.reflect.DelegatingConstructorAccessorImpl.newInstance(DelegatingConstructorAccessorImpl.java:45)
	at java.lang.reflect.Constructor.newInstance(Constructor.java:423)
	at net.vidageek.mirror.provider.java.PureJavaConstructorReflectionProvider.instantiate(PureJavaConstructorReflectionProvider.java:34)
	at net.vidageek.mirror.invoke.ConstructorHandlerByConstructor.withArgs(ConstructorHandlerByConstructor.java:47)
	at net.vidageek.mirror.invoke.ConstructorHandlerByArgs.withArgs(ConstructorHandlerByArgs.java:37)
	at br.com.six2six.fixturefactory.util.ReflectionUtils.newInstance(ReflectionUtils.java:110)
	at br.com.six2six.fixturefactory.ObjectFactory.createObject(ObjectFactory.java:113)
	at br.com.six2six.fixturefactory.ObjectFactory.gimme(ObjectFactory.java:62)
	at eler.each.usp.RecipeTest.gimmeRecipe(RecipeTest.java:160)
	at eler.each.usp.RecipeTest.testAllRecipeOnlyChocolate(RecipeTest.java:133)
	at sun.reflect.NativeMethodAccessorImpl.invoke0(Native Method)
	at sun.reflect.NativeMethodAccessorImpl.invoke(NativeMethodAccessorImpl.java:62)
	at sun.reflect.DelegatingMethodAccessorImpl.invoke(DelegatingMethodAccessorImpl.java:43)
	at java.lang.reflect.Method.invoke(Method.java:498)
	at junit.framework.TestCase.runTest(TestCase.java:168)
	at junit.framework.TestCase.runBare(TestCase.java:134)
	at junit.framework.TestResult$1.protect(TestResult.java:110)
	at junit.framework.TestResult.runProtected(TestResult.java:128)
	at junit.framework.TestResult.run(TestResult.java:113)
	at junit.framework.TestCase.run(TestCase.java:124)
	at junit.framework.TestSuite.runTest(TestSuite.java:232)
	at junit.framework.TestSuite.run(TestSuite.java:227)
	at org.junit.internal.runners.JUnit38ClassRunner.run(JUnit38ClassRunner.java:83)
	at org.apache.maven.surefire.junit4.JUnit4TestSet.execute(JUnit4TestSet.java:53)
	at org.apache.maven.surefire.junit4.JUnit4Provider.executeTestSet(JUnit4Provider.java:123)
	at org.apache.maven.surefire.junit4.JUnit4Provider.invoke(JUnit4Provider.java:104)
	at sun.reflect.NativeMethodAccessorImpl.invoke0(Native Method)
	at sun.reflect.NativeMethodAccessorImpl.invoke(NativeMethodAccessorImpl.java:62)
	at sun.reflect.DelegatingMethodAccessorImpl.invoke(DelegatingMethodAccessorImpl.java:43)
	at java.lang.reflect.Method.invoke(Method.java:498)
	at org.apache.maven.surefire.util.ReflectionUtils.invokeMethodWithArray(ReflectionUtils.java:164)
	at org.apache.maven.surefire.booter.ProviderFactory$ProviderProxy.invoke(ProviderFactory.java:110)
	at org.apache.maven.surefire.booter.SurefireStarter.invokeProvider(SurefireStarter.java:175)
	at org.apache.maven.surefire.booter.SurefireStarter.runSuitesInProcessWhenForked(SurefireStarter.java:107)
	at org.apache.maven.surefire.booter.ForkedBooter.main(ForkedBooter.java:68)
</error>
  </testcase>
  <testcase classname="eler.each.usp.RecipeTest" name="testAllRecipeOnlyCoffee" time="0.005">
    <error message="Units of sugar must be a positive integer" type="each.usp.ach2006.adaptedfromcsc326.eler.exceptions.InvalidValueException">each.usp.ach2006.adaptedfromcsc326.eler.exceptions.InvalidValueException: Units of sugar must be a positive integer
	at each.usp.ach2006.adaptedfromcsc326.eler.Recipe.setAmtSugar(Recipe.java:94)
	at each.usp.ach2006.adaptedfromcsc326.eler.Recipe.&lt;init&gt;(Recipe.java:27)
	at sun.reflect.GeneratedConstructorAccessor3.newInstance(Unknown Source)
	at sun.reflect.DelegatingConstructorAccessorImpl.newInstance(DelegatingConstructorAccessorImpl.java:45)
	at java.lang.reflect.Constructor.newInstance(Constructor.java:423)
	at net.vidageek.mirror.provider.java.PureJavaConstructorReflectionProvider.instantiate(PureJavaConstructorReflectionProvider.java:34)
	at net.vidageek.mirror.invoke.ConstructorHandlerByConstructor.withArgs(ConstructorHandlerByConstructor.java:47)
	at net.vidageek.mirror.invoke.ConstructorHandlerByArgs.withArgs(ConstructorHandlerByArgs.java:37)
	at br.com.six2six.fixturefactory.util.ReflectionUtils.newInstance(ReflectionUtils.java:110)
	at br.com.six2six.fixturefactory.ObjectFactory.createObject(ObjectFactory.java:113)
	at br.com.six2six.fixturefactory.ObjectFactory.gimme(ObjectFactory.java:62)
	at eler.each.usp.RecipeTest.gimmeRecipe(RecipeTest.java:160)
	at eler.each.usp.RecipeTest.testAllRecipeOnlyCoffee(RecipeTest.java:139)
	at sun.reflect.NativeMethodAccessorImpl.invoke0(Native Method)
	at sun.reflect.NativeMethodAccessorImpl.invoke(NativeMethodAccessorImpl.java:62)
	at sun.reflect.DelegatingMethodAccessorImpl.invoke(DelegatingMethodAccessorImpl.java:43)
	at java.lang.reflect.Method.invoke(Method.java:498)
	at junit.framework.TestCase.runTest(TestCase.java:168)
	at junit.framework.TestCase.runBare(TestCase.java:134)
	at junit.framework.TestResult$1.protect(TestResult.java:110)
	at junit.framework.TestResult.runProtected(TestResult.java:128)
	at junit.framework.TestResult.run(TestResult.java:113)
	at junit.framework.TestCase.run(TestCase.java:124)
	at junit.framework.TestSuite.runTest(TestSuite.java:232)
	at junit.framework.TestSuite.run(TestSuite.java:227)
	at org.junit.internal.runners.JUnit38ClassRunner.run(JUnit38ClassRunner.java:83)
	at org.apache.maven.surefire.junit4.JUnit4TestSet.execute(JUnit4TestSet.java:53)
	at org.apache.maven.surefire.junit4.JUnit4Provider.executeTestSet(JUnit4Provider.java:123)
	at org.apache.maven.surefire.junit4.JUnit4Provider.invoke(JUnit4Provider.java:104)
	at sun.reflect.NativeMethodAccessorImpl.invoke0(Native Method)
	at sun.reflect.NativeMethodAccessorImpl.invoke(NativeMethodAccessorImpl.java:62)
	at sun.reflect.DelegatingMethodAccessorImpl.invoke(DelegatingMethodAccessorImpl.java:43)
	at java.lang.reflect.Method.invoke(Method.java:498)
	at org.apache.maven.surefire.util.ReflectionUtils.invokeMethodWithArray(ReflectionUtils.java:164)
	at org.apache.maven.surefire.booter.ProviderFactory$ProviderProxy.invoke(ProviderFactory.java:110)
	at org.apache.maven.surefire.booter.SurefireStarter.invokeProvider(SurefireStarter.java:175)
	at org.apache.maven.surefire.booter.SurefireStarter.runSuitesInProcessWhenForked(SurefireStarter.java:107)
	at org.apache.maven.surefire.booter.ForkedBooter.main(ForkedBooter.java:68)
</error>
  </testcase>
  <testcase classname="eler.each.usp.RecipeTest" name="testAllRecipeOnlyMilk" time="0.003">
    <error message="Units of sugar must be a positive integer" type="each.usp.ach2006.adaptedfromcsc326.eler.exceptions.InvalidValueException">each.usp.ach2006.adaptedfromcsc326.eler.exceptions.InvalidValueException: Units of sugar must be a positive integer
	at each.usp.ach2006.adaptedfromcsc326.eler.Recipe.setAmtSugar(Recipe.java:94)
	at each.usp.ach2006.adaptedfromcsc326.eler.Recipe.&lt;init&gt;(Recipe.java:27)
	at sun.reflect.GeneratedConstructorAccessor3.newInstance(Unknown Source)
	at sun.reflect.DelegatingConstructorAccessorImpl.newInstance(DelegatingConstructorAccessorImpl.java:45)
	at java.lang.reflect.Constructor.newInstance(Constructor.java:423)
	at net.vidageek.mirror.provider.java.PureJavaConstructorReflectionProvider.instantiate(PureJavaConstructorReflectionProvider.java:34)
	at net.vidageek.mirror.invoke.ConstructorHandlerByConstructor.withArgs(ConstructorHandlerByConstructor.java:47)
	at net.vidageek.mirror.invoke.ConstructorHandlerByArgs.withArgs(ConstructorHandlerByArgs.java:37)
	at br.com.six2six.fixturefactory.util.ReflectionUtils.newInstance(ReflectionUtils.java:110)
	at br.com.six2six.fixturefactory.ObjectFactory.createObject(ObjectFactory.java:113)
	at br.com.six2six.fixturefactory.ObjectFactory.gimme(ObjectFactory.java:62)
	at eler.each.usp.RecipeTest.gimmeRecipe(RecipeTest.java:160)
	at eler.each.usp.RecipeTest.testAllRecipeOnlyMilk(RecipeTest.java:144)
	at sun.reflect.NativeMethodAccessorImpl.invoke0(Native Method)
	at sun.reflect.NativeMethodAccessorImpl.invoke(NativeMethodAccessorImpl.java:62)
	at sun.reflect.DelegatingMethodAccessorImpl.invoke(DelegatingMethodAccessorImpl.java:43)
	at java.lang.reflect.Method.invoke(Method.java:498)
	at junit.framework.TestCase.runTest(TestCase.java:168)
	at junit.framework.TestCase.runBare(TestCase.java:134)
	at junit.framework.TestResult$1.protect(TestResult.java:110)
	at junit.framework.TestResult.runProtected(TestResult.java:128)
	at junit.framework.TestResult.run(TestResult.java:113)
	at junit.framework.TestCase.run(TestCase.java:124)
	at junit.framework.TestSuite.runTest(TestSuite.java:232)
	at junit.framework.TestSuite.run(TestSuite.java:227)
	at org.junit.internal.runners.JUnit38ClassRunner.run(JUnit38ClassRunner.java:83)
	at org.apache.maven.surefire.junit4.JUnit4TestSet.execute(JUnit4TestSet.java:53)
	at org.apache.maven.surefire.junit4.JUnit4Provider.executeTestSet(JUnit4Provider.java:123)
	at org.apache.maven.surefire.junit4.JUnit4Provider.invoke(JUnit4Provider.java:104)
	at sun.reflect.NativeMethodAccessorImpl.invoke0(Native Method)
	at sun.reflect.NativeMethodAccessorImpl.invoke(NativeMethodAccessorImpl.java:62)
	at sun.reflect.DelegatingMethodAccessorImpl.invoke(DelegatingMethodAccessorImpl.java:43)
	at java.lang.reflect.Method.invoke(Method.java:498)
	at org.apache.maven.surefire.util.ReflectionUtils.invokeMethodWithArray(ReflectionUtils.java:164)
	at org.apache.maven.surefire.booter.ProviderFactory$ProviderProxy.invoke(ProviderFactory.java:110)
	at org.apache.maven.surefire.booter.SurefireStarter.invokeProvider(SurefireStarter.java:175)
	at org.apache.maven.surefire.booter.SurefireStarter.runSuitesInProcessWhenForked(SurefireStarter.java:107)
	at org.apache.maven.surefire.booter.ForkedBooter.main(ForkedBooter.java:68)
</error>
  </testcase>
  <testcase classname="eler.each.usp.RecipeTest" name="testAllZerosRecipe" time="0.003"/>
</testsuite>